<?xml version="1.0" encoding="UTF-8"?>
<!-- Generated by org.testng.reporters.JUnitReportReporter -->
<testsuite hostname="NTP-LAP-826" failures="0" tests="1" name="com.nest.ictak.common.BaseClass" time="11.723" errors="0" timestamp="2022-12-15T17:00:42 IST" skipped="0">
  <testcase classname="com.nest.ictak.common.BaseClass" name="openDriver" time="11.723"/>
  <system-out/>
</testsuite> <!-- com.nest.ictak.common.BaseClass -->
